c:\users\administrator\desktop\windowssocket\windowsasgn_v3\windowsasgn\debug\vc140.pdb
c:\users\administrator\desktop\windowssocket\windowsasgn_v3\windowsasgn\debug\vc140.idb
c:\users\administrator\desktop\windowssocket\windowsasgn_v3\windowsasgn\debug\internetutilities.obj
c:\users\administrator\desktop\windowssocket\windowsasgn_v3\windowsasgn\debug\source.obj
c:\users\administrator\desktop\windowssocket\windowsasgn_v3\windowsasgn\debug\async.obj
c:\users\administrator\desktop\windowssocket\windowsasgn_v3\windowsasgn\debug\resource.res
c:\users\administrator\desktop\windowssocket\windowsasgn_v3\debug\windowsasgn.pdb
c:\users\administrator\desktop\windowssocket\windowsasgn_v3\windowsasgn\debug\windowsasgn.tlog\cl.command.1.tlog
c:\users\administrator\desktop\windowssocket\windowsasgn_v3\windowsasgn\debug\windowsasgn.tlog\cl.read.1.tlog
c:\users\administrator\desktop\windowssocket\windowsasgn_v3\windowsasgn\debug\windowsasgn.tlog\cl.write.1.tlog
c:\users\administrator\desktop\windowssocket\windowsasgn_v3\windowsasgn\debug\windowsasgn.tlog\link-cvtres.read.1.tlog
c:\users\administrator\desktop\windowssocket\windowsasgn_v3\windowsasgn\debug\windowsasgn.tlog\link-cvtres.write.1.tlog
c:\users\administrator\desktop\windowssocket\windowsasgn_v3\windowsasgn\debug\windowsasgn.tlog\link-rc.read.1.tlog
c:\users\administrator\desktop\windowssocket\windowsasgn_v3\windowsasgn\debug\windowsasgn.tlog\link-rc.write.1.tlog
c:\users\administrator\desktop\windowssocket\windowsasgn_v3\windowsasgn\debug\windowsasgn.tlog\link.5472-cvtres.read.1.tlog
c:\users\administrator\desktop\windowssocket\windowsasgn_v3\windowsasgn\debug\windowsasgn.tlog\link.5472-cvtres.write.1.tlog
c:\users\administrator\desktop\windowssocket\windowsasgn_v3\windowsasgn\debug\windowsasgn.tlog\link.5472-rc.read.1.tlog
c:\users\administrator\desktop\windowssocket\windowsasgn_v3\windowsasgn\debug\windowsasgn.tlog\link.5472-rc.write.1.tlog
c:\users\administrator\desktop\windowssocket\windowsasgn_v3\windowsasgn\debug\windowsasgn.tlog\link.5472.read.1.tlog
c:\users\administrator\desktop\windowssocket\windowsasgn_v3\windowsasgn\debug\windowsasgn.tlog\link.5472.write.1.tlog
c:\users\administrator\desktop\windowssocket\windowsasgn_v3\windowsasgn\debug\windowsasgn.tlog\link.command.1.tlog
c:\users\administrator\desktop\windowssocket\windowsasgn_v3\windowsasgn\debug\windowsasgn.tlog\link.read.1.tlog
c:\users\administrator\desktop\windowssocket\windowsasgn_v3\windowsasgn\debug\windowsasgn.tlog\link.write.1.tlog
c:\users\administrator\desktop\windowssocket\windowsasgn_v3\windowsasgn\debug\windowsasgn.tlog\rc.command.1.tlog
c:\users\administrator\desktop\windowssocket\windowsasgn_v3\windowsasgn\debug\windowsasgn.tlog\rc.read.1.tlog
c:\users\administrator\desktop\windowssocket\windowsasgn_v3\windowsasgn\debug\windowsasgn.tlog\rc.write.1.tlog
